Using pre-set license
Built from '2020.3/release' branch; Version is '2020.3.15f2 (6cf78cb77498) revision 7141260'; Using compiler version '192528614'; Build Type 'Release'
OS: 'Windows 10 Home Single Language; OS build 19042.1165; Version 2009; 64bit' Language: 'pt' Physical Memory: 8056 MB
BatchMode: 1, IsHumanControllingUs: 0, StartBugReporterOnCrash: 0, Is64bit: 1, IsPro: 0

 COMMAND LINE ARGUMENTS:
C:\Program Files\Unity\Hub\Editor\2020.3.15f2\Editor\Unity.exe
-adb2
-batchMode
-noUpm
-name
AssetImportWorker0
-projectPath
D:/JogosUninove/PrimeiroProjeto
-logFile
Logs/AssetImportWorker0.log
-srvPort
52250
Successfully changed project path to: D:/JogosUninove/PrimeiroProjeto
D:/JogosUninove/PrimeiroProjeto
Using Asset Import Pipeline V2.
Refreshing native plugins compatible for Editor in 54.10 ms, found 3 plugins.
Preloading 0 native plugins for Editor in 0.00 ms.
Initialize engine version: 2020.3.15f2 (6cf78cb77498)
[Subsystems] Discovering subsystems at path C:/Program Files/Unity/Hub/Editor/2020.3.15f2/Editor/Data/Resources/UnitySubsystems
[Subsystems] Discovering subsystems at path D:/JogosUninove/PrimeiroProjeto/Assets
GfxDevice: creating device client; threaded=0
Direct3D:
    Version:  Direct3D 11.0 [level 11.1]
    Renderer: AMD Radeon R5 M435 (ID=0x6665)
    Vendor:   
    VRAM:     2039 MB
    Driver:   27.20.1034.6
Initialize mono
Mono path[0] = 'C:/Program Files/Unity/Hub/Editor/2020.3.15f2/Editor/Data/Managed'
Mono path[1] = 'C:/Program Files/Unity/Hub/Editor/2020.3.15f2/Editor/Data/MonoBleedingEdge/lib/mono/unityjit'
Mono config path = 'C:/Program Files/Unity/Hub/Editor/2020.3.15f2/Editor/Data/MonoBleedingEdge/etc'
Using monoOptions --debugger-agent=transport=dt_socket,embedding=1,server=y,suspend=n,address=127.0.0.1:56172
Begin MonoManager ReloadAssembly
Registering precompiled unity dll's ...
Register platform support module: C:/Program Files/Unity/Hub/Editor/2020.3.15f2/Editor/Data/PlaybackEngines/WindowsStandaloneSupport/UnityEditor.WindowsStandalone.Extensions.dll
Registered in 0.002231 seconds.
Native extension for WindowsStandalone target not found
Refreshing native plugins compatible for Editor in 50.30 ms, found 3 plugins.
Preloading 0 native plugins for Editor in 0.00 ms.
Mono: successfully reloaded assembly
- Completed reload, in  1.300 seconds
Domain Reload Profiling:
	ReloadAssembly (1301ms)
		BeginReloadAssembly (65ms)
			ExecutionOrderSort (0ms)
			DisableScriptedObjects (0ms)
			BackupInstance (0ms)
			ReleaseScriptingObjects (0ms)
			CreateAndSetChildDomain (1ms)
		EndReloadAssembly (486ms)
			LoadAssemblies (62ms)
			RebuildTransferFunctionScriptingTraits (0ms)
			SetupTypeCache (172ms)
			ReleaseScriptCaches (0ms)
			RebuildScriptCaches (37ms)
			SetupLoadedEditorAssemblies (192ms)
				LogAssemblyErrors (0ms)
				InitializePlatformSupportModulesInManaged (4ms)
				SetLoadedEditorAssemblies (0ms)
				RefreshPlugins (50ms)
				BeforeProcessingInitializeOnLoad (8ms)
				ProcessInitializeOnLoadAttributes (96ms)
				ProcessInitializeOnLoadMethodAttributes (32ms)
				AfterProcessingInitializeOnLoad (0ms)
				EditorAssembliesLoaded (0ms)
			ExecutionOrderSort2 (0ms)
			AwakeInstancesAfterBackupRestoration (0ms)
Platform modules already initialized, skipping
Registering precompiled user dll's ...
Registered in 0.003372 seconds.
Begin MonoManager ReloadAssembly
Native extension for WindowsStandalone target not found
Refreshing native plugins compatible for Editor in 47.69 ms, found 3 plugins.
Preloading 0 native plugins for Editor in 0.00 ms.
Mono: successfully reloaded assembly
- Completed reload, in  1.378 seconds
Domain Reload Profiling:
	ReloadAssembly (1379ms)
		BeginReloadAssembly (170ms)
			ExecutionOrderSort (0ms)
			DisableScriptedObjects (6ms)
			BackupInstance (0ms)
			ReleaseScriptingObjects (0ms)
			CreateAndSetChildDomain (22ms)
		EndReloadAssembly (1137ms)
			LoadAssemblies (100ms)
			RebuildTransferFunctionScriptingTraits (0ms)
			SetupTypeCache (355ms)
			ReleaseScriptCaches (0ms)
			RebuildScriptCaches (56ms)
			SetupLoadedEditorAssemblies (485ms)
				LogAssemblyErrors (0ms)
				InitializePlatformSupportModulesInManaged (5ms)
				SetLoadedEditorAssemblies (0ms)
				RefreshPlugins (48ms)
				BeforeProcessingInitializeOnLoad (71ms)
				ProcessInitializeOnLoadAttributes (339ms)
				ProcessInitializeOnLoadMethodAttributes (14ms)
				AfterProcessingInitializeOnLoad (7ms)
				EditorAssembliesLoaded (0ms)
			ExecutionOrderSort2 (0ms)
			AwakeInstancesAfterBackupRestoration (7ms)
Platform modules already initialized, skipping
========================================================================
Worker process is ready to serve import requests
Launched and connected shader compiler UnityShaderCompiler.exe after 0.21 seconds
Refreshing native plugins compatible for Editor in 0.53 ms, found 3 plugins.
Preloading 0 native plugins for Editor in 0.00 ms.
Unloading 2090 Unused Serialized files (Serialized files now loaded: 0)
System memory in use before: 93.2 MB.
System memory in use after: 93.1 MB.

Unloading 33 unused Assets to reduce memory usage. Loaded Objects now: 2524.
Total: 3.490900 ms (FindLiveObjects: 0.213600 ms CreateObjectMapping: 0.078900 ms MarkObjects: 3.047300 ms  DeleteObjects: 0.149700 ms)

AssetImportParameters requested are different than current active one (requested -> active):
  custom:framework-win-MediaFoundation: 216162199b28c13a410421893ffa2e32 -> 
  custom:video-decoder-ogg-theora: a1e56fd34408186e4bbccfd4996cb3dc -> 
  custom:container-muxer-webm: aa71ff27fc2769a1b78a27578f13a17b -> 
  custom:container-demuxer-webm: 4f35f7cbe854078d1ac9338744f61a02 -> 
  custom:container-demuxer-ogg: 62fdf1f143b41e24485cea50d1cbac27 -> 
  custom:video-encoder-webm-vp8: eb34c28f22e8b96e1ab97ce403110664 -> 
  custom:video-decoder-webm-vp8: 9c59270c3fd7afecdb556c50c9e8de78 -> 
  custom:audio-decoder-ogg-vorbis: bf7c407c2cedff20999df2af8eb42d56 -> 
  custom:audio-encoder-webm-vorbis: bf7c407c2cedff20999df2af8eb42d56 -> 
========================================================================
Received Import Request.
  path: Assets/Cat
  artifactKey: Guid(594265e6356cd8643b5424cfac33d46d) Importer(815301076,1909f56bfc062723c751e8b465ee728b)
Start importing Assets/Cat using Guid(594265e6356cd8643b5424cfac33d46d) Importer(815301076,1909f56bfc062723c751e8b465ee728b)  -> (artifact id: 'fa7936b713e7365551ea5fdd2cc0bfa4') in 0.011454 seconds 
  Import took 0.016142 seconds .

========================================================================
Received Import Request.
  Time since last request: 3.675735 seconds.
  path: Assets/Cat/sprites
  artifactKey: Guid(8faf11a36bc496b45bd4879d7835544c) Importer(815301076,1909f56bfc062723c751e8b465ee728b)
Start importing Assets/Cat/sprites using Guid(8faf11a36bc496b45bd4879d7835544c) Importer(815301076,1909f56bfc062723c751e8b465ee728b)  -> (artifact id: '14a8e6cbc6eb47b77c484a5493eeef98') in 0.005996 seconds 
  Import took 0.110763 seconds .

========================================================================
Received Import Request.
  Time since last request: 14.968103 seconds.
  path: Assets/Cat/animation
  artifactKey: Guid(7663d0b36b389c6469cfca4b4bdd52c1) Importer(815301076,1909f56bfc062723c751e8b465ee728b)
Start importing Assets/Cat/animation using Guid(7663d0b36b389c6469cfca4b4bdd52c1) Importer(815301076,1909f56bfc062723c751e8b465ee728b)  -> (artifact id: 'f6eed22c61ca675744a6b5c77e3bb1ed') in 0.006834 seconds 
  Import took 0.028485 seconds .

========================================================================
Received Import Request.
  Time since last request: 81.300557 seconds.
  path: Assets/Cat/sprites/dead
  artifactKey: Guid(f642b15ae665be840b25e2af2ccac055) Importer(815301076,1909f56bfc062723c751e8b465ee728b)
Start importing Assets/Cat/sprites/dead using Guid(f642b15ae665be840b25e2af2ccac055) Importer(815301076,1909f56bfc062723c751e8b465ee728b)  -> (artifact id: '823a7cc59f3006645acff5e1ce4546b5') in 0.008061 seconds 
  Import took 0.090339 seconds .

========================================================================
Received Import Request.
  Time since last request: 6.598476 seconds.
  path: Assets/Cat/sprites/dead/Dead (1).png
  artifactKey: Guid(f873b73f3eb547f4187175c926c3cc2b) Importer(815301076,1909f56bfc062723c751e8b465ee728b)
Start importing Assets/Cat/sprites/dead/Dead (1).png using Guid(f873b73f3eb547f4187175c926c3cc2b) Importer(815301076,1909f56bfc062723c751e8b465ee728b)  -> (artifact id: '15163f7f4a1e7e28e82d8f523ba924a2') in 0.187822 seconds 
  Import took 0.191801 seconds .

========================================================================
Received Import Request.
  Time since last request: 0.000316 seconds.
  path: Assets/Cat/sprites/dead/Dead (10).png
  artifactKey: Guid(89a16fabbda4c8846a0f91383e92dcd4) Importer(815301076,1909f56bfc062723c751e8b465ee728b)
Start importing Assets/Cat/sprites/dead/Dead (10).png using Guid(89a16fabbda4c8846a0f91383e92dcd4) Importer(815301076,1909f56bfc062723c751e8b465ee728b)  -> (artifact id: '5bda707cab9b87c2167aab573184b774') in 0.018764 seconds 
  Import took 0.028105 seconds .

========================================================================
Received Import Request.
  Time since last request: 0.000297 seconds.
  path: Assets/Cat/sprites/dead/Dead (8).png
  artifactKey: Guid(49ed35afd47f6d04ebbadd5d0d34a8a6) Importer(815301076,1909f56bfc062723c751e8b465ee728b)
Start importing Assets/Cat/sprites/dead/Dead (8).png using Guid(49ed35afd47f6d04ebbadd5d0d34a8a6) Importer(815301076,1909f56bfc062723c751e8b465ee728b)  -> (artifact id: 'e94d3f9b00327981afeba2fd74729660') in 0.016553 seconds 
  Import took 0.031210 seconds .

========================================================================
Received Import Request.
  Time since last request: 0.000301 seconds.
  path: Assets/Cat/sprites/dead/Dead (9).png
  artifactKey: Guid(89a42d254ce1f264d9f203b0240b26e4) Importer(815301076,1909f56bfc062723c751e8b465ee728b)
Start importing Assets/Cat/sprites/dead/Dead (9).png using Guid(89a42d254ce1f264d9f203b0240b26e4) Importer(815301076,1909f56bfc062723c751e8b465ee728b)  -> (artifact id: 'b958b3442c88a6ae5dda452f50c8aef1') in 0.025849 seconds 
  Import took 0.030734 seconds .

========================================================================
Received Import Request.
  Time since last request: 0.000307 seconds.
  path: Assets/Cat/sprites/dead/Dead (7).png
  artifactKey: Guid(0716ad4db040cb74d9340f69c143fe78) Importer(815301076,1909f56bfc062723c751e8b465ee728b)
Start importing Assets/Cat/sprites/dead/Dead (7).png using Guid(0716ad4db040cb74d9340f69c143fe78) Importer(815301076,1909f56bfc062723c751e8b465ee728b)  -> (artifact id: 'e1b874f833ced1bc50258ba4cf1221aa') in 0.020128 seconds 
  Import took 0.032135 seconds .

========================================================================
Received Import Request.
  Time since last request: 0.000323 seconds.
  path: Assets/Cat/sprites/dead/Dead (4).png
  artifactKey: Guid(861c02c8c2cd7e141804251450fb9d5a) Importer(815301076,1909f56bfc062723c751e8b465ee728b)
Start importing Assets/Cat/sprites/dead/Dead (4).png using Guid(861c02c8c2cd7e141804251450fb9d5a) Importer(815301076,1909f56bfc062723c751e8b465ee728b)  -> (artifact id: '515854532530f61c14814a077f1b0e9e') in 0.022724 seconds 
  Import took 0.049088 seconds .

========================================================================
Received Import Request.
  Time since last request: 0.000306 seconds.
  path: Assets/Cat/sprites/dead/Dead (5).png
  artifactKey: Guid(d52b6b185e95c0a4fbcee728722180d1) Importer(815301076,1909f56bfc062723c751e8b465ee728b)
Start importing Assets/Cat/sprites/dead/Dead (5).png using Guid(d52b6b185e95c0a4fbcee728722180d1) Importer(815301076,1909f56bfc062723c751e8b465ee728b)  -> (artifact id: 'd6f5b8f95de9a4cfab11ba7c194775bd') in 0.013855 seconds 
  Import took 0.016988 seconds .

========================================================================
Received Import Request.
  Time since last request: 0.000298 seconds.
  path: Assets/Cat/sprites/dead/Dead (6).png
  artifactKey: Guid(5f208597298f54d499cba46eb471b780) Importer(815301076,1909f56bfc062723c751e8b465ee728b)
Start importing Assets/Cat/sprites/dead/Dead (6).png using Guid(5f208597298f54d499cba46eb471b780) Importer(815301076,1909f56bfc062723c751e8b465ee728b)  -> (artifact id: 'bbfa87518a699f15b580f272678060c1') in 0.014903 seconds 
  Import took 0.019628 seconds .

========================================================================
Received Import Request.
  Time since last request: 0.000302 seconds.
  path: Assets/Cat/sprites/dead/Dead (2).png
  artifactKey: Guid(38119218f4098aa4d8e2488a016ad0d9) Importer(815301076,1909f56bfc062723c751e8b465ee728b)
Start importing Assets/Cat/sprites/dead/Dead (2).png using Guid(38119218f4098aa4d8e2488a016ad0d9) Importer(815301076,1909f56bfc062723c751e8b465ee728b)  -> (artifact id: '55439ab01ab75e80a6176e5097b1ed53') in 0.014583 seconds 
  Import took 0.035464 seconds .

========================================================================
Received Import Request.
  Time since last request: 0.004013 seconds.
  path: Assets/Cat/sprites/dead/Dead (3).png
  artifactKey: Guid(01caec7e3e4cf3647986963aa458caaa) Importer(815301076,1909f56bfc062723c751e8b465ee728b)
Start importing Assets/Cat/sprites/dead/Dead (3).png using Guid(01caec7e3e4cf3647986963aa458caaa) Importer(815301076,1909f56bfc062723c751e8b465ee728b)  -> (artifact id: '80918aaede2f5d4db1dbacd2bc2b35f3') in 0.018042 seconds 
  Import took 0.039637 seconds .

========================================================================
Received Import Request.
  Time since last request: 10.253642 seconds.
  path: Assets/Cat/sprites/idle
  artifactKey: Guid(dbc2ed349e2ce044a802ba18044b0b00) Importer(815301076,1909f56bfc062723c751e8b465ee728b)
Start importing Assets/Cat/sprites/idle using Guid(dbc2ed349e2ce044a802ba18044b0b00) Importer(815301076,1909f56bfc062723c751e8b465ee728b)  -> (artifact id: '8e39bfd0bcedda6b4fdcafee38cc5f29') in 0.005459 seconds 
  Import took 0.013988 seconds .

========================================================================
Received Import Request.
  Time since last request: 32.339221 seconds.
  path: Assets/Cat/sprites/idle/Idle (1).png
  artifactKey: Guid(adb369f1bdc33364c86148ce7cf6fa29) Importer(815301076,1909f56bfc062723c751e8b465ee728b)
Start importing Assets/Cat/sprites/idle/Idle (1).png using Guid(adb369f1bdc33364c86148ce7cf6fa29) Importer(815301076,1909f56bfc062723c751e8b465ee728b)  -> (artifact id: '79ada72fdaced125bf02ce4d8bbb6324') in 0.023774 seconds 
  Import took 0.050489 seconds .

========================================================================
Received Import Request.
  Time since last request: 0.000315 seconds.
  path: Assets/Cat/sprites/idle/Idle (4).png
  artifactKey: Guid(89548dd70f67ad84bbfef804106f1bb1) Importer(815301076,1909f56bfc062723c751e8b465ee728b)
Start importing Assets/Cat/sprites/idle/Idle (4).png using Guid(89548dd70f67ad84bbfef804106f1bb1) Importer(815301076,1909f56bfc062723c751e8b465ee728b)  -> (artifact id: '12d8a55d29f8646a2ac9a40ca4024fc9') in 0.014325 seconds 
  Import took 0.018088 seconds .

========================================================================
Received Import Request.
  Time since last request: 0.000306 seconds.
  path: Assets/Cat/sprites/idle/Idle (6).png
  artifactKey: Guid(728af99f70352a443ba90955907b02ed) Importer(815301076,1909f56bfc062723c751e8b465ee728b)
Start importing Assets/Cat/sprites/idle/Idle (6).png using Guid(728af99f70352a443ba90955907b02ed) Importer(815301076,1909f56bfc062723c751e8b465ee728b)  -> (artifact id: 'c21064de0918167d2f3660f4a81db3f7') in 0.022380 seconds 
  Import took 0.047152 seconds .

========================================================================
Received Import Request.
  Time since last request: 0.000350 seconds.
  path: Assets/Cat/sprites/idle/Idle (10).png
  artifactKey: Guid(c3206ebdf6d53364487294206174f287) Importer(815301076,1909f56bfc062723c751e8b465ee728b)
Start importing Assets/Cat/sprites/idle/Idle (10).png using Guid(c3206ebdf6d53364487294206174f287) Importer(815301076,1909f56bfc062723c751e8b465ee728b)  -> (artifact id: 'c00bd1850390f8b64bea31223e08947a') in 0.020774 seconds 
  Import took 0.041759 seconds .

========================================================================
Received Import Request.
  Time since last request: 0.000280 seconds.
  path: Assets/Cat/sprites/idle/Idle (7).png
  artifactKey: Guid(c8bd2bd94aa60e0408ac132b17b62c4e) Importer(815301076,1909f56bfc062723c751e8b465ee728b)
Start importing Assets/Cat/sprites/idle/Idle (7).png using Guid(c8bd2bd94aa60e0408ac132b17b62c4e) Importer(815301076,1909f56bfc062723c751e8b465ee728b)  -> (artifact id: '31094f291a220932c8670c00b37bbb15') in 0.017750 seconds 
  Import took 0.021238 seconds .

========================================================================
Received Import Request.
  Time since last request: 0.000311 seconds.
  path: Assets/Cat/sprites/idle/Idle (2).png
  artifactKey: Guid(28f21a1497536cb4391ee7832c8bdac4) Importer(815301076,1909f56bfc062723c751e8b465ee728b)
Start importing Assets/Cat/sprites/idle/Idle (2).png using Guid(28f21a1497536cb4391ee7832c8bdac4) Importer(815301076,1909f56bfc062723c751e8b465ee728b)  -> (artifact id: 'aeda9cb278d2f8ae2786f2cdf071ef90') in 0.017767 seconds 
  Import took 0.023070 seconds .

========================================================================
Received Import Request.
  Time since last request: 0.000976 seconds.
  path: Assets/Cat/sprites/idle/Idle (5).png
  artifactKey: Guid(3b6d4d67b3365564b918af3d88148476) Importer(815301076,1909f56bfc062723c751e8b465ee728b)
Start importing Assets/Cat/sprites/idle/Idle (5).png using Guid(3b6d4d67b3365564b918af3d88148476) Importer(815301076,1909f56bfc062723c751e8b465ee728b)  -> (artifact id: 'a0a97fb92df8e9f120bdfb92ea84e868') in 0.018791 seconds 
  Import took 0.083476 seconds .

========================================================================
Received Import Request.
  Time since last request: 0.000299 seconds.
  path: Assets/Cat/sprites/idle/Idle (9).png
  artifactKey: Guid(782bfe530b7814d4ea678f15b55be04a) Importer(815301076,1909f56bfc062723c751e8b465ee728b)
Start importing Assets/Cat/sprites/idle/Idle (9).png using Guid(782bfe530b7814d4ea678f15b55be04a) Importer(815301076,1909f56bfc062723c751e8b465ee728b)  -> (artifact id: '1fc03a3be64f42243184ab984a9689f9') in 0.019272 seconds 
  Import took 0.023641 seconds .

========================================================================
Received Import Request.
  Time since last request: 0.000361 seconds.
  path: Assets/Cat/sprites/idle/Idle (3).png
  artifactKey: Guid(fb1d3d4de46c26f4eb7605332b5039e6) Importer(815301076,1909f56bfc062723c751e8b465ee728b)
Start importing Assets/Cat/sprites/idle/Idle (3).png using Guid(fb1d3d4de46c26f4eb7605332b5039e6) Importer(815301076,1909f56bfc062723c751e8b465ee728b)  -> (artifact id: '40a18ef106af64b556a36d6b57949a6c') in 0.017402 seconds 
  Import took 0.042498 seconds .

========================================================================
Received Import Request.
  Time since last request: 0.000351 seconds.
  path: Assets/Cat/sprites/idle/Idle (8).png
  artifactKey: Guid(fc9cb389c80f94b4194a0b447e6ec14c) Importer(815301076,1909f56bfc062723c751e8b465ee728b)
Start importing Assets/Cat/sprites/idle/Idle (8).png using Guid(fc9cb389c80f94b4194a0b447e6ec14c) Importer(815301076,1909f56bfc062723c751e8b465ee728b)  -> (artifact id: '8398b007aa4364236032c5f8d00016cd') in 0.014947 seconds 
  Import took 0.082253 seconds .

========================================================================
Received Import Request.
  Time since last request: 11.324488 seconds.
  path: Assets/Cat/sprites/walk
  artifactKey: Guid(965e07ff176ecd4498f8fba19faeb307) Importer(815301076,1909f56bfc062723c751e8b465ee728b)
Start importing Assets/Cat/sprites/walk using Guid(965e07ff176ecd4498f8fba19faeb307) Importer(815301076,1909f56bfc062723c751e8b465ee728b)  -> (artifact id: '0f966a85406e337f5816969e0141dfde') in 0.005580 seconds 
  Import took 0.021836 seconds .

========================================================================
Received Import Request.
  Time since last request: 0.001941 seconds.
  path: Assets/Cat/sprites/walk
  artifactKey: Guid(965e07ff176ecd4498f8fba19faeb307) Importer(815301076,1909f56bfc062723c751e8b465ee728b)
Start importing Assets/Cat/sprites/walk using Guid(965e07ff176ecd4498f8fba19faeb307) Importer(815301076,1909f56bfc062723c751e8b465ee728b)  -> (artifact id: '0f966a85406e337f5816969e0141dfde') in 0.001829 seconds 
  Import took 0.005989 seconds .

========================================================================
Received Import Request.
  Time since last request: 14.749523 seconds.
  path: Assets/Cat/sprites/walk/Walk (1).png
  artifactKey: Guid(f13d6c13e7c1fba44be1a23d1e790c96) Importer(815301076,1909f56bfc062723c751e8b465ee728b)
Start importing Assets/Cat/sprites/walk/Walk (1).png using Guid(f13d6c13e7c1fba44be1a23d1e790c96) Importer(815301076,1909f56bfc062723c751e8b465ee728b)  -> (artifact id: 'dfdb79a1399ef08f272564a349eb2cd2') in 0.041416 seconds 
  Import took 0.063117 seconds .

========================================================================
Received Import Request.
  Time since last request: 0.000315 seconds.
  path: Assets/Cat/sprites/walk/Walk (5).png
  artifactKey: Guid(5c5fe1447ba7b6749af567ba2cc55659) Importer(815301076,1909f56bfc062723c751e8b465ee728b)
Start importing Assets/Cat/sprites/walk/Walk (5).png using Guid(5c5fe1447ba7b6749af567ba2cc55659) Importer(815301076,1909f56bfc062723c751e8b465ee728b)  -> (artifact id: '661e83ebb4454c995cd17e980be47e76') in 0.019410 seconds 
  Import took 0.024908 seconds .

========================================================================
Received Import Request.
  Time since last request: 0.000355 seconds.
  path: Assets/Cat/sprites/walk/Walk (7).png
  artifactKey: Guid(bb29683231cc75545b11016fe194ac9a) Importer(815301076,1909f56bfc062723c751e8b465ee728b)
Start importing Assets/Cat/sprites/walk/Walk (7).png using Guid(bb29683231cc75545b11016fe194ac9a) Importer(815301076,1909f56bfc062723c751e8b465ee728b)  -> (artifact id: '2d763a385f23674ca61422247570485f') in 0.023376 seconds 
  Import took 0.030517 seconds .

========================================================================
Received Import Request.
  Time since last request: 0.000379 seconds.
  path: Assets/Cat/sprites/walk/Walk (6).png
  artifactKey: Guid(8871a56e1bd509b489793892d1cb0ee0) Importer(815301076,1909f56bfc062723c751e8b465ee728b)
Start importing Assets/Cat/sprites/walk/Walk (6).png using Guid(8871a56e1bd509b489793892d1cb0ee0) Importer(815301076,1909f56bfc062723c751e8b465ee728b)  -> (artifact id: '9d0eb736917b2b3bd1437e82c6f27200') in 0.024967 seconds 
  Import took 0.043115 seconds .

========================================================================
Received Import Request.
  Time since last request: 0.000277 seconds.
  path: Assets/Cat/sprites/walk/Walk (3).png
  artifactKey: Guid(c87f3fdf251103c4da68876fa73da5a0) Importer(815301076,1909f56bfc062723c751e8b465ee728b)
Start importing Assets/Cat/sprites/walk/Walk (3).png using Guid(c87f3fdf251103c4da68876fa73da5a0) Importer(815301076,1909f56bfc062723c751e8b465ee728b)  -> (artifact id: 'a1c75b324cfc517918b556bb8f5b539a') in 0.017531 seconds 
  Import took 0.054165 seconds .

========================================================================
Received Import Request.
  Time since last request: 0.000386 seconds.
  path: Assets/Cat/sprites/walk/Walk (10).png
  artifactKey: Guid(b25778aa879e2c2409fa0a653f6b9ed6) Importer(815301076,1909f56bfc062723c751e8b465ee728b)
Start importing Assets/Cat/sprites/walk/Walk (10).png using Guid(b25778aa879e2c2409fa0a653f6b9ed6) Importer(815301076,1909f56bfc062723c751e8b465ee728b)  -> (artifact id: 'd505b9edc4622a193eb857f88d048e58') in 0.020845 seconds 
  Import took 0.068059 seconds .

========================================================================
Received Import Request.
  Time since last request: 0.000317 seconds.
  path: Assets/Cat/sprites/walk/Walk (9).png
  artifactKey: Guid(e6fda0aa4e14bfd45b4e73fa9cfc7bed) Importer(815301076,1909f56bfc062723c751e8b465ee728b)
Start importing Assets/Cat/sprites/walk/Walk (9).png using Guid(e6fda0aa4e14bfd45b4e73fa9cfc7bed) Importer(815301076,1909f56bfc062723c751e8b465ee728b)  -> (artifact id: 'f613bbe7c41a9da38fc59a9f99fd94a6') in 0.015942 seconds 
  Import took 0.026553 seconds .

========================================================================
Received Import Request.
  Time since last request: 0.000293 seconds.
  path: Assets/Cat/sprites/walk/Walk (8).png
  artifactKey: Guid(241bf67b9303d364c84c5cee5a54ffff) Importer(815301076,1909f56bfc062723c751e8b465ee728b)
Start importing Assets/Cat/sprites/walk/Walk (8).png using Guid(241bf67b9303d364c84c5cee5a54ffff) Importer(815301076,1909f56bfc062723c751e8b465ee728b)  -> (artifact id: 'e9d3fa5c179516c3526d847a190b6b9a') in 0.014929 seconds 
  Import took 0.018315 seconds .

========================================================================
Received Import Request.
  Time since last request: 0.000287 seconds.
  path: Assets/Cat/sprites/walk/Walk (2).png
  artifactKey: Guid(a8950ba680940b54d82f7b2379d58037) Importer(815301076,1909f56bfc062723c751e8b465ee728b)
Start importing Assets/Cat/sprites/walk/Walk (2).png using Guid(a8950ba680940b54d82f7b2379d58037) Importer(815301076,1909f56bfc062723c751e8b465ee728b)  -> (artifact id: 'd0d062b357961e3592c830b21d9c592c') in 0.014565 seconds 
  Import took 0.054871 seconds .

========================================================================
Received Import Request.
  Time since last request: 0.000260 seconds.
  path: Assets/Cat/sprites/walk/Walk (4).png
  artifactKey: Guid(342022b8ff60db64fa26f9f86e7e8e35) Importer(815301076,1909f56bfc062723c751e8b465ee728b)
Start importing Assets/Cat/sprites/walk/Walk (4).png using Guid(342022b8ff60db64fa26f9f86e7e8e35) Importer(815301076,1909f56bfc062723c751e8b465ee728b)  -> (artifact id: 'b3de352b0a9ee05b143629e2717eee38') in 0.020796 seconds 
  Import took 0.041093 seconds .

========================================================================
Received Import Request.
  Time since last request: 96.599050 seconds.
  path: Assets/Cat/animation/cat.anim
  artifactKey: Guid(947b925f26f01614ebd57a3c591fc543) Importer(815301076,1909f56bfc062723c751e8b465ee728b)
Start importing Assets/Cat/animation/cat.anim using Guid(947b925f26f01614ebd57a3c591fc543) Importer(815301076,1909f56bfc062723c751e8b465ee728b)  -> (artifact id: '65c221d49e68fe1d758ea867087d3683') in 0.012041 seconds 
  Import took 0.016606 seconds .

========================================================================
Received Import Request.
  Time since last request: 27.643089 seconds.
  path: Assets/Cat/animation/idle.anim
  artifactKey: Guid(947b925f26f01614ebd57a3c591fc543) Importer(815301076,1909f56bfc062723c751e8b465ee728b)
Start importing Assets/Cat/animation/idle.anim using Guid(947b925f26f01614ebd57a3c591fc543) Importer(815301076,1909f56bfc062723c751e8b465ee728b)  -> (artifact id: '3f7ae5f099947ff1ebe8affd92dcdea5') in 0.002089 seconds 
  Import took 0.100887 seconds .

========================================================================
Received Import Request.
  Time since last request: 1080.402988 seconds.
  path: Assets/Cat/animation/BadCat.controller
  artifactKey: Guid(d1ba68a6a27e66f4180303641335a524) Importer(815301076,1909f56bfc062723c751e8b465ee728b)
Start importing Assets/Cat/animation/BadCat.controller using Guid(d1ba68a6a27e66f4180303641335a524) Importer(815301076,1909f56bfc062723c751e8b465ee728b)  -> (artifact id: '7c973fcbc968dda14f4bcbdf1d35c0ce') in 0.010755 seconds 
  Import took 0.016166 seconds .

========================================================================
Received Prepare
Registering precompiled user dll's ...
Registered in 0.003359 seconds.
Begin MonoManager ReloadAssembly
Native extension for WindowsStandalone target not found
Refreshing native plugins compatible for Editor in 0.50 ms, found 3 plugins.
Preloading 0 native plugins for Editor in 0.00 ms.
Mono: successfully reloaded assembly
- Completed reload, in  1.289 seconds
Domain Reload Profiling:
	ReloadAssembly (1290ms)
		BeginReloadAssembly (135ms)
			ExecutionOrderSort (0ms)
			DisableScriptedObjects (6ms)
			BackupInstance (0ms)
			ReleaseScriptingObjects (0ms)
			CreateAndSetChildDomain (40ms)
		EndReloadAssembly (1085ms)
			LoadAssemblies (101ms)
			RebuildTransferFunctionScriptingTraits (0ms)
			SetupTypeCache (322ms)
			ReleaseScriptCaches (1ms)
			RebuildScriptCaches (66ms)
			SetupLoadedEditorAssemblies (455ms)
				LogAssemblyErrors (0ms)
				InitializePlatformSupportModulesInManaged (7ms)
				SetLoadedEditorAssemblies (1ms)
				RefreshPlugins (1ms)
				BeforeProcessingInitializeOnLoad (72ms)
				ProcessInitializeOnLoadAttributes (360ms)
				ProcessInitializeOnLoadMethodAttributes (7ms)
				AfterProcessingInitializeOnLoad (7ms)
				EditorAssembliesLoaded (0ms)
			ExecutionOrderSort2 (0ms)
			AwakeInstancesAfterBackupRestoration (12ms)
Platform modules already initialized, skipping
Refreshing native plugins compatible for Editor in 1.18 ms, found 3 plugins.
Preloading 0 native plugins for Editor in 0.00 ms.
Unloading 2085 Unused Serialized files (Serialized files now loaded: 0)
System memory in use before: 96.1 MB.
System memory in use after: 96.1 MB.

Unloading 21 unused Assets to reduce memory usage. Loaded Objects now: 2536.
Total: 5.252500 ms (FindLiveObjects: 0.485600 ms CreateObjectMapping: 0.186700 ms MarkObjects: 4.399900 ms  DeleteObjects: 0.177800 ms)

AssetImportParameters requested are different than current active one (requested -> active):
  custom:framework-win-MediaFoundation: 216162199b28c13a410421893ffa2e32 -> 
  custom:video-decoder-ogg-theora: a1e56fd34408186e4bbccfd4996cb3dc -> 
  custom:container-muxer-webm: aa71ff27fc2769a1b78a27578f13a17b -> 
  custom:container-demuxer-webm: 4f35f7cbe854078d1ac9338744f61a02 -> 
  custom:container-demuxer-ogg: 62fdf1f143b41e24485cea50d1cbac27 -> 
  custom:video-encoder-webm-vp8: eb34c28f22e8b96e1ab97ce403110664 -> 
  custom:video-decoder-webm-vp8: 9c59270c3fd7afecdb556c50c9e8de78 -> 
  custom:audio-decoder-ogg-vorbis: bf7c407c2cedff20999df2af8eb42d56 -> 
  custom:audio-encoder-webm-vorbis: bf7c407c2cedff20999df2af8eb42d56 -> 
========================================================================
Received Import Request.
  Time since last request: 912.556949 seconds.
  path: Assets/Player/animation/PlayerController.controller
  artifactKey: Guid(8260f4b140c851d4eb0d9473a75c07a7) Importer(815301076,1909f56bfc062723c751e8b465ee728b)
Start importing Assets/Player/animation/PlayerController.controller using Guid(8260f4b140c851d4eb0d9473a75c07a7) Importer(815301076,1909f56bfc062723c751e8b465ee728b)  -> (artifact id: 'f7b18ea00297244db4870a103e8b5220') in 0.143138 seconds 
  Import took 0.186205 seconds .

========================================================================
Received Prepare
Registering precompiled user dll's ...
Registered in 0.005391 seconds.
Begin MonoManager ReloadAssembly
Native extension for WindowsStandalone target not found
Refreshing native plugins compatible for Editor in 0.50 ms, found 3 plugins.
Preloading 0 native plugins for Editor in 0.00 ms.
Mono: successfully reloaded assembly
- Completed reload, in  1.373 seconds
Domain Reload Profiling:
	ReloadAssembly (1373ms)
		BeginReloadAssembly (136ms)
			ExecutionOrderSort (0ms)
			DisableScriptedObjects (8ms)
			BackupInstance (0ms)
			ReleaseScriptingObjects (0ms)
			CreateAndSetChildDomain (47ms)
		EndReloadAssembly (1159ms)
			LoadAssemblies (113ms)
			RebuildTransferFunctionScriptingTraits (0ms)
			SetupTypeCache (381ms)
			ReleaseScriptCaches (1ms)
			RebuildScriptCaches (55ms)
			SetupLoadedEditorAssemblies (475ms)
				LogAssemblyErrors (0ms)
				InitializePlatformSupportModulesInManaged (6ms)
				SetLoadedEditorAssemblies (1ms)
				RefreshPlugins (1ms)
				BeforeProcessingInitializeOnLoad (71ms)
				ProcessInitializeOnLoadAttributes (380ms)
				ProcessInitializeOnLoadMethodAttributes (8ms)
				AfterProcessingInitializeOnLoad (8ms)
				EditorAssembliesLoaded (0ms)
			ExecutionOrderSort2 (0ms)
			AwakeInstancesAfterBackupRestoration (13ms)
Platform modules already initialized, skipping
Refreshing native plugins compatible for Editor in 0.53 ms, found 3 plugins.
Preloading 0 native plugins for Editor in 0.00 ms.
Unloading 2085 Unused Serialized files (Serialized files now loaded: 0)
System memory in use before: 96.2 MB.
System memory in use after: 96.2 MB.

Unloading 21 unused Assets to reduce memory usage. Loaded Objects now: 2540.
Total: 3.531900 ms (FindLiveObjects: 0.433900 ms CreateObjectMapping: 0.152800 ms MarkObjects: 2.769100 ms  DeleteObjects: 0.173400 ms)

AssetImportParameters requested are different than current active one (requested -> active):
  custom:framework-win-MediaFoundation: 216162199b28c13a410421893ffa2e32 -> 
  custom:video-decoder-ogg-theora: a1e56fd34408186e4bbccfd4996cb3dc -> 
  custom:container-muxer-webm: aa71ff27fc2769a1b78a27578f13a17b -> 
  custom:container-demuxer-webm: 4f35f7cbe854078d1ac9338744f61a02 -> 
  custom:container-demuxer-ogg: 62fdf1f143b41e24485cea50d1cbac27 -> 
  custom:video-encoder-webm-vp8: eb34c28f22e8b96e1ab97ce403110664 -> 
  custom:video-decoder-webm-vp8: 9c59270c3fd7afecdb556c50c9e8de78 -> 
  custom:audio-decoder-ogg-vorbis: bf7c407c2cedff20999df2af8eb42d56 -> 
  custom:audio-encoder-webm-vorbis: bf7c407c2cedff20999df2af8eb42d56 -> 
========================================================================
Received Import Request.
  Time since last request: 88.115686 seconds.
  path: Assets/Cat/BadCat.prefab
  artifactKey: Guid(6d16e8a8e0e14324c97cfc86ba4627e6) Importer(815301076,1909f56bfc062723c751e8b465ee728b)
Start importing Assets/Cat/BadCat.prefab using Guid(6d16e8a8e0e14324c97cfc86ba4627e6) Importer(815301076,1909f56bfc062723c751e8b465ee728b) The Animator Controller (BadCat) you have used is not valid. Animations will not play
UnityEngine.StackTraceUtility:ExtractStackTrace ()
UnityEditor.EditorUtility:Internal_InstantiateRemoveAllNonAnimationComponentsSingle (UnityEngine.Object,UnityEngine.Vector3,UnityEngine.Quaternion)
UnityEditor.EditorUtility:InstantiateRemoveAllNonAnimationComponents (UnityEngine.Object,UnityEngine.Vector3,UnityEngine.Quaternion)
UnityEditor.EditorUtility:InstantiateForAnimatorPreview (UnityEngine.Object)
UnityEditor.GameObjectInspector/PreviewData:UpdateGameObject (UnityEngine.Object)
UnityEditor.GameObjectInspector/PreviewData:.ctor (UnityEngine.Object)
UnityEditor.GameObjectInspector:GetPreviewData ()
UnityEditor.GameObjectInspector:RenderStaticPreview (string,UnityEngine.Object[],int,int)
UnityEditor.AssetPreviewUpdater:CreatePreviewForAsset (UnityEngine.Object,UnityEngine.Object[],string)

[C:\buildslave\unity\build\Modules/Animation/Director/AnimatorControllerPlayable.cpp line 333]

The Animator Controller (BadCat) you have used is not valid. Animations will not play
UnityEngine.StackTraceUtility:ExtractStackTrace ()
UnityEditor.EditorUtility:InitInstantiatedPreviewRecursive (UnityEngine.GameObject)
UnityEditor.EditorUtility:InstantiateForAnimatorPreview (UnityEngine.Object)
UnityEditor.GameObjectInspector/PreviewData:UpdateGameObject (UnityEngine.Object)
UnityEditor.GameObjectInspector/PreviewData:.ctor (UnityEngine.Object)
UnityEditor.GameObjectInspector:GetPreviewData ()
UnityEditor.GameObjectInspector:RenderStaticPreview (string,UnityEngine.Object[],int,int)
UnityEditor.AssetPreviewUpdater:CreatePreviewForAsset (UnityEngine.Object,UnityEngine.Object[],string)

[C:\buildslave\unity\build\Modules/Animation/Director/AnimatorControllerPlayable.cpp line 333]

 -> (artifact id: '1b83740273cc07a28a7c6aaecdaf91cd') in 0.084788 seconds 
  Import took 0.257376 seconds .

========================================================================
Received Import Request.
  Time since last request: 23.279432 seconds.
  path: Assets/Cat/BadCat 1.prefab
  artifactKey: Guid(8af1d9958c1a2ea488cc18e2d814ed1d) Importer(815301076,1909f56bfc062723c751e8b465ee728b)
Start importing Assets/Cat/BadCat 1.prefab using Guid(8af1d9958c1a2ea488cc18e2d814ed1d) Importer(815301076,1909f56bfc062723c751e8b465ee728b) The Animator Controller (BadCat) you have used is not valid. Animations will not play
UnityEngine.StackTraceUtility:ExtractStackTrace ()
UnityEditor.EditorUtility:Internal_InstantiateRemoveAllNonAnimationComponentsSingle (UnityEngine.Object,UnityEngine.Vector3,UnityEngine.Quaternion)
UnityEditor.EditorUtility:InstantiateRemoveAllNonAnimationComponents (UnityEngine.Object,UnityEngine.Vector3,UnityEngine.Quaternion)
UnityEditor.EditorUtility:InstantiateForAnimatorPreview (UnityEngine.Object)
UnityEditor.GameObjectInspector/PreviewData:UpdateGameObject (UnityEngine.Object)
UnityEditor.GameObjectInspector/PreviewData:.ctor (UnityEngine.Object)
UnityEditor.GameObjectInspector:GetPreviewData ()
UnityEditor.GameObjectInspector:RenderStaticPreview (string,UnityEngine.Object[],int,int)
UnityEditor.AssetPreviewUpdater:CreatePreviewForAsset (UnityEngine.Object,UnityEngine.Object[],string)

[C:\buildslave\unity\build\Modules/Animation/Director/AnimatorControllerPlayable.cpp line 333]

The Animator Controller (BadCat) you have used is not valid. Animations will not play
UnityEngine.StackTraceUtility:ExtractStackTrace ()
UnityEditor.EditorUtility:InitInstantiatedPreviewRecursive (UnityEngine.GameObject)
UnityEditor.EditorUtility:InstantiateForAnimatorPreview (UnityEngine.Object)
UnityEditor.GameObjectInspector/PreviewData:UpdateGameObject (UnityEngine.Object)
UnityEditor.GameObjectInspector/PreviewData:.ctor (UnityEngine.Object)
UnityEditor.GameObjectInspector:GetPreviewData ()
UnityEditor.GameObjectInspector:RenderStaticPreview (string,UnityEngine.Object[],int,int)
UnityEditor.AssetPreviewUpdater:CreatePreviewForAsset (UnityEngine.Object,UnityEngine.Object[],string)

[C:\buildslave\unity\build\Modules/Animation/Director/AnimatorControllerPlayable.cpp line 333]

 -> (artifact id: 'afd1629078391422814fd286e07bea86') in 0.015040 seconds 
  Import took 0.132232 seconds .

========================================================================
Received Prepare
Registering precompiled user dll's ...
Registered in 0.003257 seconds.
Begin MonoManager ReloadAssembly
Native extension for WindowsStandalone target not found
Refreshing native plugins compatible for Editor in 0.66 ms, found 3 plugins.
Preloading 0 native plugins for Editor in 0.00 ms.
Mono: successfully reloaded assembly
- Completed reload, in  1.210 seconds
Domain Reload Profiling:
	ReloadAssembly (1210ms)
		BeginReloadAssembly (123ms)
			ExecutionOrderSort (0ms)
			DisableScriptedObjects (7ms)
			BackupInstance (0ms)
			ReleaseScriptingObjects (0ms)
			CreateAndSetChildDomain (40ms)
		EndReloadAssembly (1013ms)
			LoadAssemblies (101ms)
			RebuildTransferFunctionScriptingTraits (0ms)
			SetupTypeCache (332ms)
			ReleaseScriptCaches (1ms)
			RebuildScriptCaches (49ms)
			SetupLoadedEditorAssemblies (416ms)
				LogAssemblyErrors (0ms)
				InitializePlatformSupportModulesInManaged (6ms)
				SetLoadedEditorAssemblies (0ms)
				RefreshPlugins (1ms)
				BeforeProcessingInitializeOnLoad (61ms)
				ProcessInitializeOnLoadAttributes (335ms)
				ProcessInitializeOnLoadMethodAttributes (7ms)
				AfterProcessingInitializeOnLoad (7ms)
				EditorAssembliesLoaded (0ms)
			ExecutionOrderSort2 (0ms)
			AwakeInstancesAfterBackupRestoration (11ms)
Platform modules already initialized, skipping
Refreshing native plugins compatible for Editor in 0.65 ms, found 3 plugins.
Preloading 0 native plugins for Editor in 0.00 ms.
Unloading 2085 Unused Serialized files (Serialized files now loaded: 0)
System memory in use before: 96.4 MB.
System memory in use after: 96.4 MB.

Unloading 21 unused Assets to reduce memory usage. Loaded Objects now: 2549.
Total: 3.219300 ms (FindLiveObjects: 0.223400 ms CreateObjectMapping: 0.118800 ms MarkObjects: 2.709700 ms  DeleteObjects: 0.165900 ms)

AssetImportParameters requested are different than current active one (requested -> active):
  custom:framework-win-MediaFoundation: 216162199b28c13a410421893ffa2e32 -> 
  custom:video-decoder-ogg-theora: a1e56fd34408186e4bbccfd4996cb3dc -> 
  custom:container-muxer-webm: aa71ff27fc2769a1b78a27578f13a17b -> 
  custom:container-demuxer-webm: 4f35f7cbe854078d1ac9338744f61a02 -> 
  custom:container-demuxer-ogg: 62fdf1f143b41e24485cea50d1cbac27 -> 
  custom:video-encoder-webm-vp8: eb34c28f22e8b96e1ab97ce403110664 -> 
  custom:video-decoder-webm-vp8: 9c59270c3fd7afecdb556c50c9e8de78 -> 
  custom:audio-decoder-ogg-vorbis: bf7c407c2cedff20999df2af8eb42d56 -> 
  custom:audio-encoder-webm-vorbis: bf7c407c2cedff20999df2af8eb42d56 -> 
========================================================================
Received Import Request.
  Time since last request: 128.134044 seconds.
  path: Assets/Cat/BadCat 1.prefab
  artifactKey: Guid(8af1d9958c1a2ea488cc18e2d814ed1d) Importer(815301076,1909f56bfc062723c751e8b465ee728b)
Start importing Assets/Cat/BadCat 1.prefab using Guid(8af1d9958c1a2ea488cc18e2d814ed1d) Importer(815301076,1909f56bfc062723c751e8b465ee728b) The Animator Controller (BadCat) you have used is not valid. Animations will not play
UnityEngine.StackTraceUtility:ExtractStackTrace ()
UnityEditor.EditorUtility:Internal_InstantiateRemoveAllNonAnimationComponentsSingle (UnityEngine.Object,UnityEngine.Vector3,UnityEngine.Quaternion)
UnityEditor.EditorUtility:InstantiateRemoveAllNonAnimationComponents (UnityEngine.Object,UnityEngine.Vector3,UnityEngine.Quaternion)
UnityEditor.EditorUtility:InstantiateForAnimatorPreview (UnityEngine.Object)
UnityEditor.GameObjectInspector/PreviewData:UpdateGameObject (UnityEngine.Object)
UnityEditor.GameObjectInspector/PreviewData:.ctor (UnityEngine.Object)
UnityEditor.GameObjectInspector:GetPreviewData ()
UnityEditor.GameObjectInspector:RenderStaticPreview (string,UnityEngine.Object[],int,int)
UnityEditor.AssetPreviewUpdater:CreatePreviewForAsset (UnityEngine.Object,UnityEngine.Object[],string)

[C:\buildslave\unity\build\Modules/Animation/Director/AnimatorControllerPlayable.cpp line 333]

The Animator Controller (BadCat) you have used is not valid. Animations will not play
UnityEngine.StackTraceUtility:ExtractStackTrace ()
UnityEditor.EditorUtility:InitInstantiatedPreviewRecursive (UnityEngine.GameObject)
UnityEditor.EditorUtility:InstantiateForAnimatorPreview (UnityEngine.Object)
UnityEditor.GameObjectInspector/PreviewData:UpdateGameObject (UnityEngine.Object)
UnityEditor.GameObjectInspector/PreviewData:.ctor (UnityEngine.Object)
UnityEditor.GameObjectInspector:GetPreviewData ()
UnityEditor.GameObjectInspector:RenderStaticPreview (string,UnityEngine.Object[],int,int)
UnityEditor.AssetPreviewUpdater:CreatePreviewForAsset (UnityEngine.Object,UnityEngine.Object[],string)

[C:\buildslave\unity\build\Modules/Animation/Director/AnimatorControllerPlayable.cpp line 333]

 -> (artifact id: '118124cdf1db496fc1205d98bd9646ce') in 0.058954 seconds 
  Import took 0.086346 seconds .

========================================================================
Received Import Request.
  Time since last request: 3.337195 seconds.
  path: Assets/Cat/BadCat 1.prefab
  artifactKey: Guid(8af1d9958c1a2ea488cc18e2d814ed1d) Importer(815301076,1909f56bfc062723c751e8b465ee728b)
Start importing Assets/Cat/BadCat 1.prefab using Guid(8af1d9958c1a2ea488cc18e2d814ed1d) Importer(815301076,1909f56bfc062723c751e8b465ee728b) The Animator Controller (BadCat) you have used is not valid. Animations will not play
UnityEngine.StackTraceUtility:ExtractStackTrace ()
UnityEditor.EditorUtility:Internal_InstantiateRemoveAllNonAnimationComponentsSingle (UnityEngine.Object,UnityEngine.Vector3,UnityEngine.Quaternion)
UnityEditor.EditorUtility:InstantiateRemoveAllNonAnimationComponents (UnityEngine.Object,UnityEngine.Vector3,UnityEngine.Quaternion)
UnityEditor.EditorUtility:InstantiateForAnimatorPreview (UnityEngine.Object)
UnityEditor.GameObjectInspector/PreviewData:UpdateGameObject (UnityEngine.Object)
UnityEditor.GameObjectInspector/PreviewData:.ctor (UnityEngine.Object)
UnityEditor.GameObjectInspector:GetPreviewData ()
UnityEditor.GameObjectInspector:RenderStaticPreview (string,UnityEngine.Object[],int,int)
UnityEditor.AssetPreviewUpdater:CreatePreviewForAsset (UnityEngine.Object,UnityEngine.Object[],string)

[C:\buildslave\unity\build\Modules/Animation/Director/AnimatorControllerPlayable.cpp line 333]

The Animator Controller (BadCat) you have used is not valid. Animations will not play
UnityEngine.StackTraceUtility:ExtractStackTrace ()
UnityEditor.EditorUtility:InitInstantiatedPreviewRecursive (UnityEngine.GameObject)
UnityEditor.EditorUtility:InstantiateForAnimatorPreview (UnityEngine.Object)
UnityEditor.GameObjectInspector/PreviewData:UpdateGameObject (UnityEngine.Object)
UnityEditor.GameObjectInspector/PreviewData:.ctor (UnityEngine.Object)
UnityEditor.GameObjectInspector:GetPreviewData ()
UnityEditor.GameObjectInspector:RenderStaticPreview (string,UnityEngine.Object[],int,int)
UnityEditor.AssetPreviewUpdater:CreatePreviewForAsset (UnityEngine.Object,UnityEngine.Object[],string)

[C:\buildslave\unity\build\Modules/Animation/Director/AnimatorControllerPlayable.cpp line 333]

 -> (artifact id: '2abcc81d9489bffc064b2e381d741211') in 0.014327 seconds 
  Import took 0.060220 seconds .

========================================================================
Received Import Request.
  Time since last request: 2.963245 seconds.
  path: Assets/Cat/BadCat 1.prefab
  artifactKey: Guid(8af1d9958c1a2ea488cc18e2d814ed1d) Importer(815301076,1909f56bfc062723c751e8b465ee728b)
Start importing Assets/Cat/BadCat 1.prefab using Guid(8af1d9958c1a2ea488cc18e2d814ed1d) Importer(815301076,1909f56bfc062723c751e8b465ee728b) The Animator Controller (BadCat) you have used is not valid. Animations will not play
UnityEngine.StackTraceUtility:ExtractStackTrace ()
UnityEditor.EditorUtility:Internal_InstantiateRemoveAllNonAnimationComponentsSingle (UnityEngine.Object,UnityEngine.Vector3,UnityEngine.Quaternion)
UnityEditor.EditorUtility:InstantiateRemoveAllNonAnimationComponents (UnityEngine.Object,UnityEngine.Vector3,UnityEngine.Quaternion)
UnityEditor.EditorUtility:InstantiateForAnimatorPreview (UnityEngine.Object)
UnityEditor.GameObjectInspector/PreviewData:UpdateGameObject (UnityEngine.Object)
UnityEditor.GameObjectInspector/PreviewData:.ctor (UnityEngine.Object)
UnityEditor.GameObjectInspector:GetPreviewData ()
UnityEditor.GameObjectInspector:RenderStaticPreview (string,UnityEngine.Object[],int,int)
UnityEditor.AssetPreviewUpdater:CreatePreviewForAsset (UnityEngine.Object,UnityEngine.Object[],string)

[C:\buildslave\unity\build\Modules/Animation/Director/AnimatorControllerPlayable.cpp line 333]

The Animator Controller (BadCat) you have used is not valid. Animations will not play
UnityEngine.StackTraceUtility:ExtractStackTrace ()
UnityEditor.EditorUtility:InitInstantiatedPreviewRecursive (UnityEngine.GameObject)
UnityEditor.EditorUtility:InstantiateForAnimatorPreview (UnityEngine.Object)
UnityEditor.GameObjectInspector/PreviewData:UpdateGameObject (UnityEngine.Object)
UnityEditor.GameObjectInspector/PreviewData:.ctor (UnityEngine.Object)
UnityEditor.GameObjectInspector:GetPreviewData ()
UnityEditor.GameObjectInspector:RenderStaticPreview (string,UnityEngine.Object[],int,int)
UnityEditor.AssetPreviewUpdater:CreatePreviewForAsset (UnityEngine.Object,UnityEngine.Object[],string)

[C:\buildslave\unity\build\Modules/Animation/Director/AnimatorControllerPlayable.cpp line 333]

 -> (artifact id: 'c6860dfb6f533540e835a0e6298826e8') in 0.019440 seconds 
  Import took 0.061972 seconds .

========================================================================
Received Import Request.
  Time since last request: 0.864579 seconds.
  path: Assets/Cat/BadCat 1.prefab
  artifactKey: Guid(8af1d9958c1a2ea488cc18e2d814ed1d) Importer(815301076,1909f56bfc062723c751e8b465ee728b)
Start importing Assets/Cat/BadCat 1.prefab using Guid(8af1d9958c1a2ea488cc18e2d814ed1d) Importer(815301076,1909f56bfc062723c751e8b465ee728b) The Animator Controller (BadCat) you have used is not valid. Animations will not play
UnityEngine.StackTraceUtility:ExtractStackTrace ()
UnityEditor.EditorUtility:Internal_InstantiateRemoveAllNonAnimationComponentsSingle (UnityEngine.Object,UnityEngine.Vector3,UnityEngine.Quaternion)
UnityEditor.EditorUtility:InstantiateRemoveAllNonAnimationComponents (UnityEngine.Object,UnityEngine.Vector3,UnityEngine.Quaternion)
UnityEditor.EditorUtility:InstantiateForAnimatorPreview (UnityEngine.Object)
UnityEditor.GameObjectInspector/PreviewData:UpdateGameObject (UnityEngine.Object)
UnityEditor.GameObjectInspector/PreviewData:.ctor (UnityEngine.Object)
UnityEditor.GameObjectInspector:GetPreviewData ()
UnityEditor.GameObjectInspector:RenderStaticPreview (string,UnityEngine.Object[],int,int)
UnityEditor.AssetPreviewUpdater:CreatePreviewForAsset (UnityEngine.Object,UnityEngine.Object[],string)

[C:\buildslave\unity\build\Modules/Animation/Director/AnimatorControllerPlayable.cpp line 333]

The Animator Controller (BadCat) you have used is not valid. Animations will not play
UnityEngine.StackTraceUtility:ExtractStackTrace ()
UnityEditor.EditorUtility:InitInstantiatedPreviewRecursive (UnityEngine.GameObject)
UnityEditor.EditorUtility:InstantiateForAnimatorPreview (UnityEngine.Object)
UnityEditor.GameObjectInspector/PreviewData:UpdateGameObject (UnityEngine.Object)
UnityEditor.GameObjectInspector/PreviewData:.ctor (UnityEngine.Object)
UnityEditor.GameObjectInspector:GetPreviewData ()
UnityEditor.GameObjectInspector:RenderStaticPreview (string,UnityEngine.Object[],int,int)
UnityEditor.AssetPreviewUpdater:CreatePreviewForAsset (UnityEngine.Object,UnityEngine.Object[],string)

[C:\buildslave\unity\build\Modules/Animation/Director/AnimatorControllerPlayable.cpp line 333]

 -> (artifact id: '209fead3d6d6defb1be2f36b070ddf45') in 0.020118 seconds 
  Import took 0.057797 seconds .

========================================================================
Received Import Request.
  Time since last request: 1.745372 seconds.
  path: Assets/Cat/BadCat 1.prefab
  artifactKey: Guid(8af1d9958c1a2ea488cc18e2d814ed1d) Importer(815301076,1909f56bfc062723c751e8b465ee728b)
Start importing Assets/Cat/BadCat 1.prefab using Guid(8af1d9958c1a2ea488cc18e2d814ed1d) Importer(815301076,1909f56bfc062723c751e8b465ee728b) The Animator Controller (BadCat) you have used is not valid. Animations will not play
UnityEngine.StackTraceUtility:ExtractStackTrace ()
UnityEditor.EditorUtility:Internal_InstantiateRemoveAllNonAnimationComponentsSingle (UnityEngine.Object,UnityEngine.Vector3,UnityEngine.Quaternion)
UnityEditor.EditorUtility:InstantiateRemoveAllNonAnimationComponents (UnityEngine.Object,UnityEngine.Vector3,UnityEngine.Quaternion)
UnityEditor.EditorUtility:InstantiateForAnimatorPreview (UnityEngine.Object)
UnityEditor.GameObjectInspector/PreviewData:UpdateGameObject (UnityEngine.Object)
UnityEditor.GameObjectInspector/PreviewData:.ctor (UnityEngine.Object)
UnityEditor.GameObjectInspector:GetPreviewData ()
UnityEditor.GameObjectInspector:RenderStaticPreview (string,UnityEngine.Object[],int,int)
UnityEditor.AssetPreviewUpdater:CreatePreviewForAsset (UnityEngine.Object,UnityEngine.Object[],string)

[C:\buildslave\unity\build\Modules/Animation/Director/AnimatorControllerPlayable.cpp line 333]

The Animator Controller (BadCat) you have used is not valid. Animations will not play
UnityEngine.StackTraceUtility:ExtractStackTrace ()
UnityEditor.EditorUtility:InitInstantiatedPreviewRecursive (UnityEngine.GameObject)
UnityEditor.EditorUtility:InstantiateForAnimatorPreview (UnityEngine.Object)
UnityEditor.GameObjectInspector/PreviewData:UpdateGameObject (UnityEngine.Object)
UnityEditor.GameObjectInspector/PreviewData:.ctor (UnityEngine.Object)
UnityEditor.GameObjectInspector:GetPreviewData ()
UnityEditor.GameObjectInspector:RenderStaticPreview (string,UnityEngine.Object[],int,int)
UnityEditor.AssetPreviewUpdater:CreatePreviewForAsset (UnityEngine.Object,UnityEngine.Object[],string)

[C:\buildslave\unity\build\Modules/Animation/Director/AnimatorControllerPlayable.cpp line 333]

 -> (artifact id: '3298b1f485a959c420d215eb07a921ce') in 0.018023 seconds 
  Import took 0.068315 seconds .

========================================================================
Received Import Request.
  Time since last request: 1.671107 seconds.
  path: Assets/Cat/BadCat 1.prefab
  artifactKey: Guid(8af1d9958c1a2ea488cc18e2d814ed1d) Importer(815301076,1909f56bfc062723c751e8b465ee728b)
Start importing Assets/Cat/BadCat 1.prefab using Guid(8af1d9958c1a2ea488cc18e2d814ed1d) Importer(815301076,1909f56bfc062723c751e8b465ee728b) The Animator Controller (BadCat) you have used is not valid. Animations will not play
UnityEngine.StackTraceUtility:ExtractStackTrace ()
UnityEditor.EditorUtility:Internal_InstantiateRemoveAllNonAnimationComponentsSingle (UnityEngine.Object,UnityEngine.Vector3,UnityEngine.Quaternion)
UnityEditor.EditorUtility:InstantiateRemoveAllNonAnimationComponents (UnityEngine.Object,UnityEngine.Vector3,UnityEngine.Quaternion)
UnityEditor.EditorUtility:InstantiateForAnimatorPreview (UnityEngine.Object)
UnityEditor.GameObjectInspector/PreviewData:UpdateGameObject (UnityEngine.Object)
UnityEditor.GameObjectInspector/PreviewData:.ctor (UnityEngine.Object)
UnityEditor.GameObjectInspector:GetPreviewData ()
UnityEditor.GameObjectInspector:RenderStaticPreview (string,UnityEngine.Object[],int,int)
UnityEditor.AssetPreviewUpdater:CreatePreviewForAsset (UnityEngine.Object,UnityEngine.Object[],string)

[C:\buildslave\unity\build\Modules/Animation/Director/AnimatorControllerPlayable.cpp line 333]

The Animator Controller (BadCat) you have used is not valid. Animations will not play
UnityEngine.StackTraceUtility:ExtractStackTrace ()
UnityEditor.EditorUtility:InitInstantiatedPreviewRecursive (UnityEngine.GameObject)
UnityEditor.EditorUtility:InstantiateForAnimatorPreview (UnityEngine.Object)
UnityEditor.GameObjectInspector/PreviewData:UpdateGameObject (UnityEngine.Object)
UnityEditor.GameObjectInspector/PreviewData:.ctor (UnityEngine.Object)
UnityEditor.GameObjectInspector:GetPreviewData ()
UnityEditor.GameObjectInspector:RenderStaticPreview (string,UnityEngine.Object[],int,int)
UnityEditor.AssetPreviewUpdater:CreatePreviewForAsset (UnityEngine.Object,UnityEngine.Object[],string)

[C:\buildslave\unity\build\Modules/Animation/Director/AnimatorControllerPlayable.cpp line 333]

 -> (artifact id: '29318daef393f12c46b2a8f12679b6f1') in 0.018287 seconds 
  Import took 0.060078 seconds .

========================================================================
Received Import Request.
  Time since last request: 3.919170 seconds.
  path: Assets/Cat/BadCat 1.prefab
  artifactKey: Guid(8af1d9958c1a2ea488cc18e2d814ed1d) Importer(815301076,1909f56bfc062723c751e8b465ee728b)
Start importing Assets/Cat/BadCat 1.prefab using Guid(8af1d9958c1a2ea488cc18e2d814ed1d) Importer(815301076,1909f56bfc062723c751e8b465ee728b) The Animator Controller (BadCat) you have used is not valid. Animations will not play
UnityEngine.StackTraceUtility:ExtractStackTrace ()
UnityEditor.EditorUtility:Internal_InstantiateRemoveAllNonAnimationComponentsSingle (UnityEngine.Object,UnityEngine.Vector3,UnityEngine.Quaternion)
UnityEditor.EditorUtility:InstantiateRemoveAllNonAnimationComponents (UnityEngine.Object,UnityEngine.Vector3,UnityEngine.Quaternion)
UnityEditor.EditorUtility:InstantiateForAnimatorPreview (UnityEngine.Object)
UnityEditor.GameObjectInspector/PreviewData:UpdateGameObject (UnityEngine.Object)
UnityEditor.GameObjectInspector/PreviewData:.ctor (UnityEngine.Object)
UnityEditor.GameObjectInspector:GetPreviewData ()
UnityEditor.GameObjectInspector:RenderStaticPreview (string,UnityEngine.Object[],int,int)
UnityEditor.AssetPreviewUpdater:CreatePreviewForAsset (UnityEngine.Object,UnityEngine.Object[],string)

[C:\buildslave\unity\build\Modules/Animation/Director/AnimatorControllerPlayable.cpp line 333]

The Animator Controller (BadCat) you have used is not valid. Animations will not play
UnityEngine.StackTraceUtility:ExtractStackTrace ()
UnityEditor.EditorUtility:InitInstantiatedPreviewRecursive (UnityEngine.GameObject)
UnityEditor.EditorUtility:InstantiateForAnimatorPreview (UnityEngine.Object)
UnityEditor.GameObjectInspector/PreviewData:UpdateGameObject (UnityEngine.Object)
UnityEditor.GameObjectInspector/PreviewData:.ctor (UnityEngine.Object)
UnityEditor.GameObjectInspector:GetPreviewData ()
UnityEditor.GameObjectInspector:RenderStaticPreview (string,UnityEngine.Object[],int,int)
UnityEditor.AssetPreviewUpdater:CreatePreviewForAsset (UnityEngine.Object,UnityEngine.Object[],string)

[C:\buildslave\unity\build\Modules/Animation/Director/AnimatorControllerPlayable.cpp line 333]

 -> (artifact id: 'c8f677b53bd21877c8b8fffe47439762') in 0.016201 seconds 
  Import took 0.136196 seconds .

========================================================================
Received Import Request.
  Time since last request: 4.042304 seconds.
  path: Assets/Cat/BadCat 1.prefab
  artifactKey: Guid(8af1d9958c1a2ea488cc18e2d814ed1d) Importer(815301076,1909f56bfc062723c751e8b465ee728b)
Start importing Assets/Cat/BadCat 1.prefab using Guid(8af1d9958c1a2ea488cc18e2d814ed1d) Importer(815301076,1909f56bfc062723c751e8b465ee728b) The Animator Controller (BadCat) you have used is not valid. Animations will not play
UnityEngine.StackTraceUtility:ExtractStackTrace ()
UnityEditor.EditorUtility:Internal_InstantiateRemoveAllNonAnimationComponentsSingle (UnityEngine.Object,UnityEngine.Vector3,UnityEngine.Quaternion)
UnityEditor.EditorUtility:InstantiateRemoveAllNonAnimationComponents (UnityEngine.Object,UnityEngine.Vector3,UnityEngine.Quaternion)
UnityEditor.EditorUtility:InstantiateForAnimatorPreview (UnityEngine.Object)
UnityEditor.GameObjectInspector/PreviewData:UpdateGameObject (UnityEngine.Object)
UnityEditor.GameObjectInspector/PreviewData:.ctor (UnityEngine.Object)
UnityEditor.GameObjectInspector:GetPreviewData ()
UnityEditor.GameObjectInspector:RenderStaticPreview (string,UnityEngine.Object[],int,int)
UnityEditor.AssetPreviewUpdater:CreatePreviewForAsset (UnityEngine.Object,UnityEngine.Object[],string)

[C:\buildslave\unity\build\Modules/Animation/Director/AnimatorControllerPlayable.cpp line 333]

The Animator Controller (BadCat) you have used is not valid. Animations will not play
UnityEngine.StackTraceUtility:ExtractStackTrace ()
UnityEditor.EditorUtility:InitInstantiatedPreviewRecursive (UnityEngine.GameObject)
UnityEditor.EditorUtility:InstantiateForAnimatorPreview (UnityEngine.Object)
UnityEditor.GameObjectInspector/PreviewData:UpdateGameObject (UnityEngine.Object)
UnityEditor.GameObjectInspector/PreviewData:.ctor (UnityEngine.Object)
UnityEditor.GameObjectInspector:GetPreviewData ()
UnityEditor.GameObjectInspector:RenderStaticPreview (string,UnityEngine.Object[],int,int)
UnityEditor.AssetPreviewUpdater:CreatePreviewForAsset (UnityEngine.Object,UnityEngine.Object[],string)

[C:\buildslave\unity\build\Modules/Animation/Director/AnimatorControllerPlayable.cpp line 333]

 -> (artifact id: '0710f145f41df1b79438c3336b6317de') in 0.018593 seconds 
  Import took 0.127731 seconds .

========================================================================
Received Import Request.
  Time since last request: 1.173331 seconds.
  path: Assets/Cat/BadCat 1.prefab
  artifactKey: Guid(8af1d9958c1a2ea488cc18e2d814ed1d) Importer(815301076,1909f56bfc062723c751e8b465ee728b)
Start importing Assets/Cat/BadCat 1.prefab using Guid(8af1d9958c1a2ea488cc18e2d814ed1d) Importer(815301076,1909f56bfc062723c751e8b465ee728b) The Animator Controller (BadCat) you have used is not valid. Animations will not play
UnityEngine.StackTraceUtility:ExtractStackTrace ()
UnityEditor.EditorUtility:Internal_InstantiateRemoveAllNonAnimationComponentsSingle (UnityEngine.Object,UnityEngine.Vector3,UnityEngine.Quaternion)
UnityEditor.EditorUtility:InstantiateRemoveAllNonAnimationComponents (UnityEngine.Object,UnityEngine.Vector3,UnityEngine.Quaternion)
UnityEditor.EditorUtility:InstantiateForAnimatorPreview (UnityEngine.Object)
UnityEditor.GameObjectInspector/PreviewData:UpdateGameObject (UnityEngine.Object)
UnityEditor.GameObjectInspector/PreviewData:.ctor (UnityEngine.Object)
UnityEditor.GameObjectInspector:GetPreviewData ()
UnityEditor.GameObjectInspector:RenderStaticPreview (string,UnityEngine.Object[],int,int)
UnityEditor.AssetPreviewUpdater:CreatePreviewForAsset (UnityEngine.Object,UnityEngine.Object[],string)

[C:\buildslave\unity\build\Modules/Animation/Director/AnimatorControllerPlayable.cpp line 333]

The Animator Controller (BadCat) you have used is not valid. Animations will not play
UnityEngine.StackTraceUtility:ExtractStackTrace ()
UnityEditor.EditorUtility:InitInstantiatedPreviewRecursive (UnityEngine.GameObject)
UnityEditor.EditorUtility:InstantiateForAnimatorPreview (UnityEngine.Object)
UnityEditor.GameObjectInspector/PreviewData:UpdateGameObject (UnityEngine.Object)
UnityEditor.GameObjectInspector/PreviewData:.ctor (UnityEngine.Object)
UnityEditor.GameObjectInspector:GetPreviewData ()
UnityEditor.GameObjectInspector:RenderStaticPreview (string,UnityEngine.Object[],int,int)
UnityEditor.AssetPreviewUpdater:CreatePreviewForAsset (UnityEngine.Object,UnityEngine.Object[],string)

[C:\buildslave\unity\build\Modules/Animation/Director/AnimatorControllerPlayable.cpp line 333]

 -> (artifact id: 'acc25870e24d946d201831206a7a2309') in 0.017913 seconds 
  Import took 0.054042 seconds .

========================================================================
Received Prepare
Registering precompiled user dll's ...
Registered in 0.003751 seconds.
Begin MonoManager ReloadAssembly
Native extension for WindowsStandalone target not found
Refreshing native plugins compatible for Editor in 0.58 ms, found 3 plugins.
Preloading 0 native plugins for Editor in 0.00 ms.
Mono: successfully reloaded assembly
- Completed reload, in  1.235 seconds
Domain Reload Profiling:
	ReloadAssembly (1236ms)
		BeginReloadAssembly (124ms)
			ExecutionOrderSort (0ms)
			DisableScriptedObjects (7ms)
			BackupInstance (0ms)
			ReleaseScriptingObjects (0ms)
			CreateAndSetChildDomain (39ms)
		EndReloadAssembly (1037ms)
			LoadAssemblies (96ms)
			RebuildTransferFunctionScriptingTraits (0ms)
			SetupTypeCache (327ms)
			ReleaseScriptCaches (2ms)
			RebuildScriptCaches (53ms)
			SetupLoadedEditorAssemblies (445ms)
				LogAssemblyErrors (0ms)
				InitializePlatformSupportModulesInManaged (8ms)
				SetLoadedEditorAssemblies (1ms)
				RefreshPlugins (1ms)
				BeforeProcessingInitializeOnLoad (61ms)
				ProcessInitializeOnLoadAttributes (361ms)
				ProcessInitializeOnLoadMethodAttributes (7ms)
				AfterProcessingInitializeOnLoad (8ms)
				EditorAssembliesLoaded (0ms)
			ExecutionOrderSort2 (0ms)
			AwakeInstancesAfterBackupRestoration (12ms)
Platform modules already initialized, skipping
Refreshing native plugins compatible for Editor in 0.54 ms, found 3 plugins.
Preloading 0 native plugins for Editor in 0.00 ms.
Unloading 2085 Unused Serialized files (Serialized files now loaded: 0)
System memory in use before: 96.4 MB.
System memory in use after: 96.4 MB.

Unloading 21 unused Assets to reduce memory usage. Loaded Objects now: 2554.
Total: 3.140100 ms (FindLiveObjects: 0.224000 ms CreateObjectMapping: 0.086300 ms MarkObjects: 2.716000 ms  DeleteObjects: 0.112600 ms)

AssetImportParameters requested are different than current active one (requested -> active):
  custom:framework-win-MediaFoundation: 216162199b28c13a410421893ffa2e32 -> 
  custom:video-decoder-ogg-theora: a1e56fd34408186e4bbccfd4996cb3dc -> 
  custom:container-muxer-webm: aa71ff27fc2769a1b78a27578f13a17b -> 
  custom:container-demuxer-webm: 4f35f7cbe854078d1ac9338744f61a02 -> 
  custom:container-demuxer-ogg: 62fdf1f143b41e24485cea50d1cbac27 -> 
  custom:video-encoder-webm-vp8: eb34c28f22e8b96e1ab97ce403110664 -> 
  custom:video-decoder-webm-vp8: 9c59270c3fd7afecdb556c50c9e8de78 -> 
  custom:audio-decoder-ogg-vorbis: bf7c407c2cedff20999df2af8eb42d56 -> 
  custom:audio-encoder-webm-vorbis: bf7c407c2cedff20999df2af8eb42d56 -> 
========================================================================
Received Prepare
Registering precompiled user dll's ...
Registered in 0.003165 seconds.
Begin MonoManager ReloadAssembly
Native extension for WindowsStandalone target not found
Refreshing native plugins compatible for Editor in 0.75 ms, found 3 plugins.
Preloading 0 native plugins for Editor in 0.00 ms.
Mono: successfully reloaded assembly
- Completed reload, in  1.271 seconds
Domain Reload Profiling:
	ReloadAssembly (1272ms)
		BeginReloadAssembly (129ms)
			ExecutionOrderSort (0ms)
			DisableScriptedObjects (7ms)
			BackupInstance (0ms)
			ReleaseScriptingObjects (0ms)
			CreateAndSetChildDomain (37ms)
		EndReloadAssembly (1072ms)
			LoadAssemblies (96ms)
			RebuildTransferFunctionScriptingTraits (0ms)
			SetupTypeCache (333ms)
			ReleaseScriptCaches (1ms)
			RebuildScriptCaches (52ms)
			SetupLoadedEditorAssemblies (468ms)
				LogAssemblyErrors (0ms)
				InitializePlatformSupportModulesInManaged (7ms)
				SetLoadedEditorAssemblies (1ms)
				RefreshPlugins (1ms)
				BeforeProcessingInitializeOnLoad (71ms)
				ProcessInitializeOnLoadAttributes (374ms)
				ProcessInitializeOnLoadMethodAttributes (7ms)
				AfterProcessingInitializeOnLoad (8ms)
				EditorAssembliesLoaded (0ms)
			ExecutionOrderSort2 (0ms)
			AwakeInstancesAfterBackupRestoration (12ms)
Platform modules already initialized, skipping
Refreshing native plugins compatible for Editor in 0.53 ms, found 3 plugins.
Preloading 0 native plugins for Editor in 0.00 ms.
Unloading 2085 Unused Serialized files (Serialized files now loaded: 0)
System memory in use before: 96.5 MB.
System memory in use after: 96.4 MB.

Unloading 21 unused Assets to reduce memory usage. Loaded Objects now: 2558.
Total: 3.095200 ms (FindLiveObjects: 0.220100 ms CreateObjectMapping: 0.078800 ms MarkObjects: 2.680500 ms  DeleteObjects: 0.114500 ms)

AssetImportParameters requested are different than current active one (requested -> active):
  custom:framework-win-MediaFoundation: 216162199b28c13a410421893ffa2e32 -> 
  custom:video-decoder-ogg-theora: a1e56fd34408186e4bbccfd4996cb3dc -> 
  custom:container-muxer-webm: aa71ff27fc2769a1b78a27578f13a17b -> 
  custom:container-demuxer-webm: 4f35f7cbe854078d1ac9338744f61a02 -> 
  custom:container-demuxer-ogg: 62fdf1f143b41e24485cea50d1cbac27 -> 
  custom:video-encoder-webm-vp8: eb34c28f22e8b96e1ab97ce403110664 -> 
  custom:video-decoder-webm-vp8: 9c59270c3fd7afecdb556c50c9e8de78 -> 
  custom:audio-decoder-ogg-vorbis: bf7c407c2cedff20999df2af8eb42d56 -> 
  custom:audio-encoder-webm-vorbis: bf7c407c2cedff20999df2af8eb42d56 -> 
========================================================================
Received Prepare
Registering precompiled user dll's ...
Registered in 0.005257 seconds.
Begin MonoManager ReloadAssembly
Native extension for WindowsStandalone target not found
Refreshing native plugins compatible for Editor in 0.60 ms, found 3 plugins.
Preloading 0 native plugins for Editor in 0.00 ms.
Mono: successfully reloaded assembly
- Completed reload, in  1.230 seconds
Domain Reload Profiling:
	ReloadAssembly (1230ms)
		BeginReloadAssembly (128ms)
			ExecutionOrderSort (0ms)
			DisableScriptedObjects (8ms)
			BackupInstance (0ms)
			ReleaseScriptingObjects (0ms)
			CreateAndSetChildDomain (36ms)
		EndReloadAssembly (1031ms)
			LoadAssemblies (101ms)
			RebuildTransferFunctionScriptingTraits (0ms)
			SetupTypeCache (338ms)
			ReleaseScriptCaches (1ms)
			RebuildScriptCaches (49ms)
			SetupLoadedEditorAssemblies (420ms)
				LogAssemblyErrors (0ms)
				InitializePlatformSupportModulesInManaged (5ms)
				SetLoadedEditorAssemblies (0ms)
				RefreshPlugins (1ms)
				BeforeProcessingInitializeOnLoad (64ms)
				ProcessInitializeOnLoadAttributes (336ms)
				ProcessInitializeOnLoadMethodAttributes (7ms)
				AfterProcessingInitializeOnLoad (7ms)
				EditorAssembliesLoaded (0ms)
			ExecutionOrderSort2 (0ms)
			AwakeInstancesAfterBackupRestoration (12ms)
Platform modules already initialized, skipping
Refreshing native plugins compatible for Editor in 0.47 ms, found 3 plugins.
Preloading 0 native plugins for Editor in 0.00 ms.
Unloading 2085 Unused Serialized files (Serialized files now loaded: 0)
System memory in use before: 96.5 MB.
System memory in use after: 96.4 MB.

Unloading 21 unused Assets to reduce memory usage. Loaded Objects now: 2562.
Total: 3.234800 ms (FindLiveObjects: 0.205400 ms CreateObjectMapping: 0.086300 ms MarkObjects: 2.766900 ms  DeleteObjects: 0.174600 ms)

AssetImportParameters requested are different than current active one (requested -> active):
  custom:framework-win-MediaFoundation: 216162199b28c13a410421893ffa2e32 -> 
  custom:video-decoder-ogg-theora: a1e56fd34408186e4bbccfd4996cb3dc -> 
  custom:container-muxer-webm: aa71ff27fc2769a1b78a27578f13a17b -> 
  custom:container-demuxer-webm: 4f35f7cbe854078d1ac9338744f61a02 -> 
  custom:container-demuxer-ogg: 62fdf1f143b41e24485cea50d1cbac27 -> 
  custom:video-encoder-webm-vp8: eb34c28f22e8b96e1ab97ce403110664 -> 
  custom:video-decoder-webm-vp8: 9c59270c3fd7afecdb556c50c9e8de78 -> 
  custom:audio-decoder-ogg-vorbis: bf7c407c2cedff20999df2af8eb42d56 -> 
  custom:audio-encoder-webm-vorbis: bf7c407c2cedff20999df2af8eb42d56 -> 
========================================================================
Received Import Request.
  Time since last request: 160.485932 seconds.
  path: Assets/Cat/BadCat.prefab
  artifactKey: Guid(6d16e8a8e0e14324c97cfc86ba4627e6) Importer(815301076,1909f56bfc062723c751e8b465ee728b)
Start importing Assets/Cat/BadCat.prefab using Guid(6d16e8a8e0e14324c97cfc86ba4627e6) Importer(815301076,1909f56bfc062723c751e8b465ee728b) The Animator Controller (BadCat) you have used is not valid. Animations will not play
UnityEngine.StackTraceUtility:ExtractStackTrace ()
UnityEditor.EditorUtility:Internal_InstantiateRemoveAllNonAnimationComponentsSingle (UnityEngine.Object,UnityEngine.Vector3,UnityEngine.Quaternion)
UnityEditor.EditorUtility:InstantiateRemoveAllNonAnimationComponents (UnityEngine.Object,UnityEngine.Vector3,UnityEngine.Quaternion)
UnityEditor.EditorUtility:InstantiateForAnimatorPreview (UnityEngine.Object)
UnityEditor.GameObjectInspector/PreviewData:UpdateGameObject (UnityEngine.Object)
UnityEditor.GameObjectInspector/PreviewData:.ctor (UnityEngine.Object)
UnityEditor.GameObjectInspector:GetPreviewData ()
UnityEditor.GameObjectInspector:RenderStaticPreview (string,UnityEngine.Object[],int,int)
UnityEditor.AssetPreviewUpdater:CreatePreviewForAsset (UnityEngine.Object,UnityEngine.Object[],string)

[C:\buildslave\unity\build\Modules/Animation/Director/AnimatorControllerPlayable.cpp line 333]

The Animator Controller (BadCat) you have used is not valid. Animations will not play
UnityEngine.StackTraceUtility:ExtractStackTrace ()
UnityEditor.EditorUtility:InitInstantiatedPreviewRecursive (UnityEngine.GameObject)
UnityEditor.EditorUtility:InstantiateForAnimatorPreview (UnityEngine.Object)
UnityEditor.GameObjectInspector/PreviewData:UpdateGameObject (UnityEngine.Object)
UnityEditor.GameObjectInspector/PreviewData:.ctor (UnityEngine.Object)
UnityEditor.GameObjectInspector:GetPreviewData ()
UnityEditor.GameObjectInspector:RenderStaticPreview (string,UnityEngine.Object[],int,int)
UnityEditor.AssetPreviewUpdater:CreatePreviewForAsset (UnityEngine.Object,UnityEngine.Object[],string)

[C:\buildslave\unity\build\Modules/Animation/Director/AnimatorControllerPlayable.cpp line 333]

 -> (artifact id: 'f156a1224328a1f12351c7a649a60990') in 0.075777 seconds 
  Import took 0.087036 seconds .

========================================================================
Received Import Request.
  Time since last request: 0.006571 seconds.
  path: Assets/Cat/BadCat.prefab
  artifactKey: Guid(6d16e8a8e0e14324c97cfc86ba4627e6) Importer(815301076,1909f56bfc062723c751e8b465ee728b)
Start importing Assets/Cat/BadCat.prefab using Guid(6d16e8a8e0e14324c97cfc86ba4627e6) Importer(815301076,1909f56bfc062723c751e8b465ee728b) The Animator Controller (BadCat) you have used is not valid. Animations will not play
UnityEngine.StackTraceUtility:ExtractStackTrace ()
UnityEditor.EditorUtility:Internal_InstantiateRemoveAllNonAnimationComponentsSingle (UnityEngine.Object,UnityEngine.Vector3,UnityEngine.Quaternion)
UnityEditor.EditorUtility:InstantiateRemoveAllNonAnimationComponents (UnityEngine.Object,UnityEngine.Vector3,UnityEngine.Quaternion)
UnityEditor.EditorUtility:InstantiateForAnimatorPreview (UnityEngine.Object)
UnityEditor.GameObjectInspector/PreviewData:UpdateGameObject (UnityEngine.Object)
UnityEditor.GameObjectInspector/PreviewData:.ctor (UnityEngine.Object)
UnityEditor.GameObjectInspector:GetPreviewData ()
UnityEditor.GameObjectInspector:RenderStaticPreview (string,UnityEngine.Object[],int,int)
UnityEditor.AssetPreviewUpdater:CreatePreviewForAsset (UnityEngine.Object,UnityEngine.Object[],string)

[C:\buildslave\unity\build\Modules/Animation/Director/AnimatorControllerPlayable.cpp line 333]

The Animator Controller (BadCat) you have used is not valid. Animations will not play
UnityEngine.StackTraceUtility:ExtractStackTrace ()
UnityEditor.EditorUtility:InitInstantiatedPreviewRecursive (UnityEngine.GameObject)
UnityEditor.EditorUtility:InstantiateForAnimatorPreview (UnityEngine.Object)
UnityEditor.GameObjectInspector/PreviewData:UpdateGameObject (UnityEngine.Object)
UnityEditor.GameObjectInspector/PreviewData:.ctor (UnityEngine.Object)
UnityEditor.GameObjectInspector:GetPreviewData ()
UnityEditor.GameObjectInspector:RenderStaticPreview (string,UnityEngine.Object[],int,int)
UnityEditor.AssetPreviewUpdater:CreatePreviewForAsset (UnityEngine.Object,UnityEngine.Object[],string)

[C:\buildslave\unity\build\Modules/Animation/Director/AnimatorControllerPlayable.cpp line 333]

 -> (artifact id: 'f156a1224328a1f12351c7a649a60990') in 0.012014 seconds 
  Import took 0.016535 seconds .

AssetImportWorkerClient::OnTransportError - code=2 error=End of file
